[LOG] System::create                           : Header version = 2.00.07. Current version = 2.00.07.
[LOG] Manager::init                            : maxchannels = 256 studioflags = 00000006 flags 00000000 extradriverdata 0000000000000000.
[LOG] SystemI::init                            : Initialize version=20007 (107206), maxchannels=256, flags=0x00020000
[LOG] SystemI::setOutputInternal               : Setting output to 'FMOD WASAPI Output'
[LOG] OutputWASAPI::init                       : Mix Format (WAVEFORMATEX): wFormatTag=0xFFFE, nChannels=2, nSamplesPerSec=48000, nAvgBytesPerSec=384000, nBlockAlign=8, wBitsPerSample=32, cbSize=22.
[LOG] OutputWASAPI::init                       : Mix Format (WAVEFORMATEXTENSIBLE): wValidBitsPerSample=32, dwChannelMask=0x00000003, SubFormat=00000003-0000-0010-8000-00AA00389B71.
[LOG] OutputWASAPI::init                       : Output buffer size: 4096 samples, latency: 0.00ms, period: 10.00ms, DSP buffer: 1024 * 4
[LOG] Thread::initThread                       : Init FMOD stream thread. Priority: 2, Stack Size: 98304, Semaphore: No, Sleep Time: 10, Looping: Yes.
[LOG] Thread::initThread                       : Init FMOD mixer thread. Priority: 3, Stack Size: 81920, Semaphore: No, Sleep Time: 0, Looping: Yes.
[LOG] AsyncManager::init                       : manager 00000224F2DCCBF8 isAsync 0 updatePeriod 0.02
[LOG] AsyncManager::init                       : done
[LOG] PlaybackSystem::init                     : 
[LOG] Thread::initThread                       : Init FMOD Studio sample load thread. Priority: 0, Stack Size: 98304, Semaphore: No, Sleep Time: 1, Looping: No.
[LOG] PlaybackSystem::init                     : done
[LOG] Thread::initThread                       : Init FMOD Studio bank load thread. Priority: 0, Stack Size: 98304, Semaphore: No, Sleep Time: 1, Looping: No.
[LOG] Manager::init                            : done.
[LOG] Manager::readBank                        : fileversion = 125, compatVersion = 119 (oldest = 44, newest = 125)
[LOG] PlaybackSystem::acquireMasterBus         : Setting master channel group format to 6
[LOG] SystemI::createSoundInternal             : Create name='', mode=0x02000202
[LOG] SystemI::createSoundInternal             : exinfo->cbsize             = 224
[LOG] SystemI::createSoundInternal             : exinfo->length             = 48544
[LOG] SystemI::createSoundInternal             : exinfo->fileoffset         = 3424
[LOG] SystemI::createSoundInternal             : exinfo->numsubsounds       = 1
[LOG] SystemI::createSoundInternal             : exinfo->inclusionlist      = 00000095B32FEEBC
[LOG] SystemI::createSoundInternal             : exinfo->inclusionlistnum   = 1
[LOG] SystemI::createSoundInternal             : exinfo->suggestedsoundtype = 5
[LOG] SystemI::createSoundInternal             : exinfo->useropen           = 00007FFEA2668630
[LOG] SystemI::createSoundInternal             : exinfo->userclose          = 00007FFEA2668600
[LOG] SystemI::createSoundInternal             : exinfo->userread           = 00007FFEA2668700
[LOG] SystemI::createSoundInternal             : exinfo->userseek           = 00007FFEA26687C0
[LOG] SystemI::createSoundInternal             : exinfo->fileuserdata       = 00000224ABB646F8
[LOG] SystemI::createSoundInternal             : exinfo->initialseekpostype = 1
[LOG] SystemI::DSPCodecPoolRegister            : register codec pool for pool type 5
[LOG] SystemI::createSoundInternal             : Sample 0/1: name='ButtonTest', format=2, channels=2, frequency=48000, lengthbytes=5728, lengthpcm=27840, pcmblocksize=0, loopstart=0, loopend=0, mode=0x00000000, channelmask=0x00000000, channelorder=0, peakvolume=0.483531.
[LOG] SoundI::release                          :  (00000224ABF24348)
[LOG] SoundI::release                          :     ButtonTest (00000224AEF1BA38)
[LOG] Manager::readBank                        : fileversion = 125, compatVersion = 119 (oldest = 44, newest = 125)
[LOG] PlaybackSystem::acquireMasterBus         : Setting master channel group format to 6
[LOG] SystemI::createSoundInternal             : Create name='', mode=0x02000202
[LOG] SystemI::createSoundInternal             : exinfo->cbsize             = 224
[LOG] SystemI::createSoundInternal             : exinfo->length             = 48544
[LOG] SystemI::createSoundInternal             : exinfo->fileoffset         = 3424
[LOG] SystemI::createSoundInternal             : exinfo->numsubsounds       = 1
[LOG] SystemI::createSoundInternal             : exinfo->inclusionlist      = 00000095B32FEEBC
[LOG] SystemI::createSoundInternal             : exinfo->inclusionlistnum   = 1
[LOG] SystemI::createSoundInternal             : exinfo->suggestedsoundtype = 5
[LOG] SystemI::createSoundInternal             : exinfo->useropen           = 00007FFEA2668630
[LOG] SystemI::createSoundInternal             : exinfo->userclose          = 00007FFEA2668600
[LOG] SystemI::createSoundInternal             : exinfo->userread           = 00007FFEA2668700
[LOG] SystemI::createSoundInternal             : exinfo->userseek           = 00007FFEA26687C0
[LOG] SystemI::createSoundInternal             : exinfo->fileuserdata       = 00000224ABB64908
[LOG] SystemI::createSoundInternal             : exinfo->initialseekpostype = 1
[LOG] SystemI::DSPCodecPoolRegister            : register codec pool for pool type 5
[LOG] SystemI::createSoundInternal             : Sample 0/1: name='ButtonTest', format=2, channels=2, frequency=48000, lengthbytes=5728, lengthpcm=27840, pcmblocksize=0, loopstart=0, loopend=0, mode=0x00000000, channelmask=0x00000000, channelorder=0, peakvolume=0.483531.
[LOG] SoundI::release                          :  (00000224ABF23D88)
[LOG] SoundI::release                          :     ButtonTest (00000224AEF1B3B8)
[LOG] Manager::readBank                        : fileversion = 125, compatVersion = 119 (oldest = 44, newest = 125)
[LOG] PlaybackSystem::acquireMasterBus         : Setting master channel group format to 6
[LOG] SystemI::createSoundInternal             : Create name='', mode=0x02000202
[LOG] SystemI::createSoundInternal             : exinfo->cbsize             = 224
[LOG] SystemI::createSoundInternal             : exinfo->length             = 48544
[LOG] SystemI::createSoundInternal             : exinfo->fileoffset         = 3424
[LOG] SystemI::createSoundInternal             : exinfo->numsubsounds       = 1
[LOG] SystemI::createSoundInternal             : exinfo->inclusionlist      = 00000095B32FEEBC
[LOG] SystemI::createSoundInternal             : exinfo->inclusionlistnum   = 1
[LOG] SystemI::createSoundInternal             : exinfo->suggestedsoundtype = 5
[LOG] SystemI::createSoundInternal             : exinfo->useropen           = 00007FFEA2668630
[LOG] SystemI::createSoundInternal             : exinfo->userclose          = 00007FFEA2668600
[LOG] SystemI::createSoundInternal             : exinfo->userread           = 00007FFEA2668700
[LOG] SystemI::createSoundInternal             : exinfo->userseek           = 00007FFEA26687C0
[LOG] SystemI::createSoundInternal             : exinfo->fileuserdata       = 00000224ABB64B18
[LOG] SystemI::createSoundInternal             : exinfo->initialseekpostype = 1
[LOG] SystemI::DSPCodecPoolRegister            : register codec pool for pool type 5
[LOG] SystemI::createSoundInternal             : Sample 0/1: name='ButtonTest', format=2, channels=2, frequency=48000, lengthbytes=5728, lengthpcm=27840, pcmblocksize=0, loopstart=0, loopend=0, mode=0x00000000, channelmask=0x00000000, channelorder=0, peakvolume=0.483531.
[LOG] SoundI::release                          :  (00000224ABF24348)
[LOG] SoundI::release                          :     ButtonTest (00000224AEF1BD78)
[LOG] Manager::readBank                        : fileversion = 125, compatVersion = 119 (oldest = 44, newest = 125)
[LOG] PlaybackSystem::acquireMasterBus         : Setting master channel group format to 6
[LOG] SystemI::createSoundInternal             : Create name='', mode=0x02000202
[LOG] SystemI::createSoundInternal             : exinfo->cbsize             = 224
[LOG] SystemI::createSoundInternal             : exinfo->length             = 48544
[LOG] SystemI::createSoundInternal             : exinfo->fileoffset         = 3424
[LOG] SystemI::createSoundInternal             : exinfo->numsubsounds       = 1
[LOG] SystemI::createSoundInternal             : exinfo->inclusionlist      = 00000095B32FEEBC
[LOG] SystemI::createSoundInternal             : exinfo->inclusionlistnum   = 1
[LOG] SystemI::createSoundInternal             : exinfo->suggestedsoundtype = 5
[LOG] SystemI::createSoundInternal             : exinfo->useropen           = 00007FFEA2668630
[LOG] SystemI::createSoundInternal             : exinfo->userclose          = 00007FFEA2668600
[LOG] SystemI::createSoundInternal             : exinfo->userread           = 00007FFEA2668700
[LOG] SystemI::createSoundInternal             : exinfo->userseek           = 00007FFEA26687C0
[LOG] SystemI::createSoundInternal             : exinfo->fileuserdata       = 00000224ABB64908
[LOG] SystemI::createSoundInternal             : exinfo->initialseekpostype = 1
[LOG] SystemI::DSPCodecPoolRegister            : register codec pool for pool type 5
[LOG] SystemI::createSoundInternal             : Sample 0/1: name='ButtonTest', format=2, channels=2, frequency=48000, lengthbytes=5728, lengthpcm=27840, pcmblocksize=0, loopstart=0, loopend=0, mode=0x00000000, channelmask=0x00000000, channelorder=0, peakvolume=0.483531.
[LOG] SoundI::release                          :  (00000224ABF24628)
[LOG] SoundI::release                          :     ButtonTest (00000224AEF1B6F8)
[LOG] Manager::readBank                        : fileversion = 125, compatVersion = 119 (oldest = 44, newest = 125)
[LOG] PlaybackSystem::acquireMasterBus         : Setting master channel group format to 6
[LOG] SystemI::createSoundInternal             : Create name='', mode=0x02000202
[LOG] SystemI::createSoundInternal             : exinfo->cbsize             = 224
[LOG] SystemI::createSoundInternal             : exinfo->length             = 48544
[LOG] SystemI::createSoundInternal             : exinfo->fileoffset         = 3424
[LOG] SystemI::createSoundInternal             : exinfo->numsubsounds       = 1
[LOG] SystemI::createSoundInternal             : exinfo->inclusionlist      = 00000095B32FEEBC
[LOG] SystemI::createSoundInternal             : exinfo->inclusionlistnum   = 1
[LOG] SystemI::createSoundInternal             : exinfo->suggestedsoundtype = 5
[LOG] SystemI::createSoundInternal             : exinfo->useropen           = 00007FFEA2668630
[LOG] SystemI::createSoundInternal             : exinfo->userclose          = 00007FFEA2668600
[LOG] SystemI::createSoundInternal             : exinfo->userread           = 00007FFEA2668700
[LOG] SystemI::createSoundInternal             : exinfo->userseek           = 00007FFEA26687C0
[LOG] SystemI::createSoundInternal             : exinfo->fileuserdata       = 00000224ABB64908
[LOG] SystemI::createSoundInternal             : exinfo->initialseekpostype = 1
[LOG] SystemI::DSPCodecPoolRegister            : register codec pool for pool type 5
[LOG] SystemI::createSoundInternal             : Sample 0/1: name='ButtonTest', format=2, channels=2, frequency=48000, lengthbytes=5728, lengthpcm=27840, pcmblocksize=0, loopstart=0, loopend=0, mode=0x00000000, channelmask=0x00000000, channelorder=0, peakvolume=0.483531.
[LOG] SoundI::release                          :  (00000224ABF24348)
[LOG] SoundI::release                          :     ButtonTest (00000224AEF1BA38)
[LOG] Manager::readBank                        : fileversion = 125, compatVersion = 119 (oldest = 44, newest = 125)
[LOG] PlaybackSystem::acquireMasterBus         : Setting master channel group format to 6
[LOG] SystemI::createSoundInternal             : Create name='', mode=0x02000202
[LOG] SystemI::createSoundInternal             : exinfo->cbsize             = 224
[LOG] SystemI::createSoundInternal             : exinfo->length             = 48544
[LOG] SystemI::createSoundInternal             : exinfo->fileoffset         = 3424
[LOG] SystemI::createSoundInternal             : exinfo->numsubsounds       = 1
[LOG] SystemI::createSoundInternal             : exinfo->inclusionlist      = 00000095B32FEEBC
[LOG] SystemI::createSoundInternal             : exinfo->inclusionlistnum   = 1
[LOG] SystemI::createSoundInternal             : exinfo->suggestedsoundtype = 5
[LOG] SystemI::createSoundInternal             : exinfo->useropen           = 00007FFEA2668630
[LOG] SystemI::createSoundInternal             : exinfo->userclose          = 00007FFEA2668600
[LOG] SystemI::createSoundInternal             : exinfo->userread           = 00007FFEA2668700
[LOG] SystemI::createSoundInternal             : exinfo->userseek           = 00007FFEA26687C0
[LOG] SystemI::createSoundInternal             : exinfo->fileuserdata       = 00000224ABB64B18
[LOG] SystemI::createSoundInternal             : exinfo->initialseekpostype = 1
[LOG] SystemI::DSPCodecPoolRegister            : register codec pool for pool type 5
[LOG] SystemI::createSoundInternal             : Sample 0/1: name='ButtonTest', format=2, channels=2, frequency=48000, lengthbytes=5728, lengthpcm=27840, pcmblocksize=0, loopstart=0, loopend=0, mode=0x00000000, channelmask=0x00000000, channelorder=0, peakvolume=0.483531.
[LOG] SoundI::release                          :  (00000224ABF23EF8)
[LOG] SoundI::release                          :     ButtonTest (00000224AEF1B558)
[LOG] Manager::readBank                        : fileversion = 125, compatVersion = 119 (oldest = 44, newest = 125)
[LOG] PlaybackSystem::acquireMasterBus         : Setting master channel group format to 6
[LOG] SystemI::createSoundInternal             : Create name='', mode=0x02000202
[LOG] SystemI::createSoundInternal             : exinfo->cbsize             = 224
[LOG] SystemI::createSoundInternal             : exinfo->length             = 48544
[LOG] SystemI::createSoundInternal             : exinfo->fileoffset         = 3424
[LOG] SystemI::createSoundInternal             : exinfo->numsubsounds       = 1
[LOG] SystemI::createSoundInternal             : exinfo->inclusionlist      = 00000095B32FEEBC
[LOG] SystemI::createSoundInternal             : exinfo->inclusionlistnum   = 1
[LOG] SystemI::createSoundInternal             : exinfo->suggestedsoundtype = 5
[LOG] SystemI::createSoundInternal             : exinfo->useropen           = 00007FFEA2668630
[LOG] SystemI::createSoundInternal             : exinfo->userclose          = 00007FFEA2668600
[LOG] SystemI::createSoundInternal             : exinfo->userread           = 00007FFEA2668700
[LOG] SystemI::createSoundInternal             : exinfo->userseek           = 00007FFEA26687C0
[LOG] SystemI::createSoundInternal             : exinfo->fileuserdata       = 00000224ABB64B18
[LOG] SystemI::createSoundInternal             : exinfo->initialseekpostype = 1
[LOG] SystemI::DSPCodecPoolRegister            : register codec pool for pool type 5
[LOG] SystemI::createSoundInternal             : Sample 0/1: name='ButtonTest', format=2, channels=2, frequency=48000, lengthbytes=5728, lengthpcm=27840, pcmblocksize=0, loopstart=0, loopend=0, mode=0x00000000, channelmask=0x00000000, channelorder=0, peakvolume=0.483531.
[LOG] SoundI::release                          :  (00000224ABF23D88)
[LOG] SoundI::release                          :     ButtonTest (00000224AEF1B558)
[LOG] Manager::readBank                        : fileversion = 125, compatVersion = 119 (oldest = 44, newest = 125)
[LOG] PlaybackSystem::acquireMasterBus         : Setting master channel group format to 6
[LOG] SystemI::createSoundInternal             : Create name='', mode=0x02000202
[LOG] SystemI::createSoundInternal             : exinfo->cbsize             = 224
[LOG] SystemI::createSoundInternal             : exinfo->length             = 48544
[LOG] SystemI::createSoundInternal             : exinfo->fileoffset         = 3424
[LOG] SystemI::createSoundInternal             : exinfo->numsubsounds       = 1
[LOG] SystemI::createSoundInternal             : exinfo->inclusionlist      = 00000095B32FEEBC
[LOG] SystemI::createSoundInternal             : exinfo->inclusionlistnum   = 1
[LOG] SystemI::createSoundInternal             : exinfo->suggestedsoundtype = 5
[LOG] SystemI::createSoundInternal             : exinfo->useropen           = 00007FFEA2668630
[LOG] SystemI::createSoundInternal             : exinfo->userclose          = 00007FFEA2668600
[LOG] SystemI::createSoundInternal             : exinfo->userread           = 00007FFEA2668700
[LOG] SystemI::createSoundInternal             : exinfo->userseek           = 00007FFEA26687C0
[LOG] SystemI::createSoundInternal             : exinfo->fileuserdata       = 00000224ABB64B18
[LOG] SystemI::createSoundInternal             : exinfo->initialseekpostype = 1
[LOG] SystemI::DSPCodecPoolRegister            : register codec pool for pool type 5
[LOG] SystemI::createSoundInternal             : Sample 0/1: name='ButtonTest', format=2, channels=2, frequency=48000, lengthbytes=5728, lengthpcm=27840, pcmblocksize=0, loopstart=0, loopend=0, mode=0x00000000, channelmask=0x00000000, channelorder=0, peakvolume=0.483531.
[LOG] SoundI::release                          :  (00000224ABF24348)
[LOG] SoundI::release                          :     ButtonTest (00000224AEF1BD78)
